<?xml version="1.0" encoding="UTF-8"?>
<!-- Generated by org.testng.reporters.JUnitReportReporter -->
<testsuite skipped="0" hostname="minal" name="com.restassured.api.tests.Get" tests="4" failures="0" timestamp="16 Jun 2019 11:48:27 GMT" time="9.743" errors="0">
  <testcase name="GetTest" time="0.119" classname="com.restassured.api.tests.Get"/>
  <testcase name="Get2" time="9.405" classname="com.restassured.api.tests.Get"/>
  <testcase name="getResponse" time="0.063" classname="com.restassured.api.tests.Get"/>
  <testcase name="Get3" time="0.156" classname="com.restassured.api.tests.Get"/>
</testsuite> <!-- com.restassured.api.tests.Get -->
