<?xml version="1.0" encoding="UTF-8"?>
<!-- Generated by org.testng.reporters.JUnitReportReporter -->
<testsuite skipped="0" hostname="minal" name="com.restassured.api.tests.Post" tests="4" failures="0" timestamp="29 Sep 2019 21:15:15 GMT" time="15.623" errors="0">
  <testcase name="postTest" time="14.222" classname="com.restassured.api.tests.Post"/>
  <testcase name="commentTest" time="0.456" classname="com.restassured.api.tests.Post"/>
  <testcase name="getPostTest" time="0.428" classname="com.restassured.api.tests.Post"/>
  <testcase name="getCommentTest" time="0.517" classname="com.restassured.api.tests.Post"/>
</testsuite> <!-- com.restassured.api.tests.Post -->
