<?xml version="1.0" encoding="UTF-8"?>
<!-- Generated by org.testng.reporters.JUnitReportReporter -->
<testsuite skipped="0" hostname="minal" name="com.restassured.api.tests.GetAPITest" tests="1" failures="0" timestamp="08 Jun 2019 14:47:14 GMT" time="7.830" errors="0">
  <testcase name="GetAPI" time="7.830" classname="com.restassured.api.tests.GetAPITest"/>
</testsuite> <!-- com.restassured.api.tests.GetAPITest -->
