<?xml version="1.0" encoding="UTF-8"?>
<!-- Generated by org.testng.reporters.JUnitReportReporter -->
<testsuite skipped="0" hostname="kanhai" name="com.restassured.api.tests.PostGetTest" tests="4" failures="0" timestamp="27 Jan 2020 22:56:05 GMT" time="5.565" errors="0">
  <testcase name="postTest" time="4.580" classname="com.restassured.api.tests.PostGetTest"/>
  <testcase name="commentTest" time="0.593" classname="com.restassured.api.tests.PostGetTest"/>
  <testcase name="getPostTest" time="0.214" classname="com.restassured.api.tests.PostGetTest"/>
  <testcase name="getCommentTest" time="0.178" classname="com.restassured.api.tests.PostGetTest"/>
</testsuite> <!-- com.restassured.api.tests.PostGetTest -->
