<?xml version="1.0" encoding="UTF-8"?>
<!-- Generated by org.testng.reporters.JUnitReportReporter -->
<testsuite skipped="0" hostname="minal" name="com.restassured.api.testbase.TestBaseLocalHost" tests="1" failures="0" timestamp="10 Jun 2019 09:52:08 GMT" time="1.773" errors="0">
  <testcase name="readExcelData" time="1.773" classname="com.restassured.api.testbase.TestBaseLocalHost"/>
</testsuite> <!-- com.restassured.api.testbase.TestBaseLocalHost -->
