<?xml version="1.0" encoding="UTF-8"?>
<!-- Generated by org.testng.reporters.JUnitReportReporter -->
<testsuite skipped="5" hostname="minal" name="com.restassured.api.tests.GetLocalHostAPITest" tests="10" failures="1" timestamp="13 Jun 2019 14:45:04 GMT" time="9.795" errors="0">
  <testcase name="DeleteLocalHost" time="7.129" classname="com.restassured.api.tests.GetLocalHostAPITest"/>
  <testcase name="GetLocalHostAfterPost" time="0.746" classname="com.restassured.api.tests.GetLocalHostAPITest">
    <failure type="java.lang.AssertionError" message="1 expectation failed.
Expected header &quot;content-type&quot; was not &quot;application/json&quot;, was &quot;application/json; charset=utf-8&quot;. Headers are:
X-Powered-By=Express
Vary=Origin, Accept-Encoding
Access-Control-Allow-Credentials=true
Cache-Control=no-cache
Pragma=no-cache
Expires=-1
X-Content-Type-Options=nosniff
Content-Type=application/json; charset=utf-8
Content-Length=64
ETag=W/&quot;40-81XHVRLcR8Syj3d1Se2NrV5ENkM&quot;
Date=Thu, 13 Jun 2019 14:45:01 GMT
Connection=keep-alive
">
      <![CDATA[java.lang.AssertionError: 1 expectation failed.
Expected header "content-type" was not "application/json", was "application/json; charset=utf-8". Headers are:
X-Powered-By=Express
Vary=Origin, Accept-Encoding
Access-Control-Allow-Credentials=true
Cache-Control=no-cache
Pragma=no-cache
Expires=-1
X-Content-Type-Options=nosniff
Content-Type=application/json; charset=utf-8
Content-Length=64
ETag=W/"40-81XHVRLcR8Syj3d1Se2NrV5ENkM"
Date=Thu, 13 Jun 2019 14:45:01 GMT
Connection=keep-alive

at sun.reflect.NativeConstructorAccessorImpl.newInstance0(Native Method)
at sun.reflect.NativeConstructorAccessorImpl.newInstance(NativeConstructorAccessorImpl.java:62)
at sun.reflect.DelegatingConstructorAccessorImpl.newInstance(DelegatingConstructorAccessorImpl.java:45)
at java.lang.reflect.Constructor.newInstance(Constructor.java:423)
at org.codehaus.groovy.reflection.CachedConstructor.invoke(CachedConstructor.java:80)
at org.codehaus.groovy.reflection.CachedConstructor.doConstructorInvoke(CachedConstructor.java:74)
at org.codehaus.groovy.runtime.callsite.ConstructorSite$ConstructorSiteNoUnwrap.callConstructor(ConstructorSite.java:84)
at org.codehaus.groovy.runtime.callsite.CallSiteArray.defaultCallConstructor(CallSiteArray.java:59)
at org.codehaus.groovy.runtime.callsite.AbstractCallSite.callConstructor(AbstractCallSite.java:237)
at org.codehaus.groovy.runtime.callsite.AbstractCallSite.callConstructor(AbstractCallSite.java:249)
at io.restassured.internal.ResponseSpecificationImpl$HamcrestAssertionClosure.validate(ResponseSpecificationImpl.groovy:492)
at io.restassured.internal.ResponseSpecificationImpl$HamcrestAssertionClosure$validate$1.call(Unknown Source)
at io.restassured.internal.ResponseSpecificationImpl.validateResponseIfRequired(ResponseSpecificationImpl.groovy:655)
at sun.reflect.NativeMethodAccessorImpl.invoke0(Native Method)
at sun.reflect.NativeMethodAccessorImpl.invoke(NativeMethodAccessorImpl.java:62)
at sun.reflect.DelegatingMethodAccessorImpl.invoke(DelegatingMethodAccessorImpl.java:43)
at java.lang.reflect.Method.invoke(Method.java:498)
at org.codehaus.groovy.runtime.callsite.PlainObjectMetaMethodSite.doInvoke(PlainObjectMetaMethodSite.java:43)
at org.codehaus.groovy.runtime.callsite.PogoMetaMethodSite$PogoCachedMethodSiteNoUnwrapNoCoerce.invoke(PogoMetaMethodSite.java:190)
at org.codehaus.groovy.runtime.callsite.PogoMetaMethodSite.callCurrent(PogoMetaMethodSite.java:58)
at org.codehaus.groovy.runtime.callsite.AbstractCallSite.callCurrent(AbstractCallSite.java:168)
at io.restassured.internal.ResponseSpecificationImpl.headers(ResponseSpecificationImpl.groovy:146)
at io.restassured.specification.ResponseSpecification$headers$0.callCurrent(Unknown Source)
at io.restassured.internal.ResponseSpecificationImpl.headers(ResponseSpecificationImpl.groovy:163)
at io.restassured.internal.ValidatableResponseOptionsImpl.headers(ValidatableResponseOptionsImpl.java:109)
at io.restassured.internal.ValidatableResponseImpl.super$2$headers(ValidatableResponseImpl.groovy)
at sun.reflect.NativeMethodAccessorImpl.invoke0(Native Method)
at sun.reflect.NativeMethodAccessorImpl.invoke(NativeMethodAccessorImpl.java:62)
at sun.reflect.DelegatingMethodAccessorImpl.invoke(DelegatingMethodAccessorImpl.java:43)
at java.lang.reflect.Method.invoke(Method.java:498)
at org.codehaus.groovy.reflection.CachedMethod.invoke(CachedMethod.java:101)
at groovy.lang.MetaMethod.doMethodInvoke(MetaMethod.java:323)
at groovy.lang.MetaClassImpl.invokeMethod(MetaClassImpl.java:1217)
at org.codehaus.groovy.runtime.ScriptBytecodeAdapter.invokeMethodOnSuperN(ScriptBytecodeAdapter.java:144)
at io.restassured.internal.ValidatableResponseImpl.headers(ValidatableResponseImpl.groovy:166)
at io.restassured.internal.ValidatableResponseImpl.headers(ValidatableResponseImpl.groovy)
at com.restassured.api.tests.GetLocalHostAPITest.GetLocalHostAfterPost(GetLocalHostAPITest.java:221)
at sun.reflect.NativeMethodAccessorImpl.invoke0(Native Method)
at sun.reflect.NativeMethodAccessorImpl.invoke(NativeMethodAccessorImpl.java:62)
at sun.reflect.DelegatingMethodAccessorImpl.invoke(DelegatingMethodAccessorImpl.java:43)
at java.lang.reflect.Method.invoke(Method.java:498)
at org.testng.internal.MethodInvocationHelper.invokeMethod(MethodInvocationHelper.java:124)
at org.testng.internal.Invoker.invokeMethod(Invoker.java:583)
at org.testng.internal.Invoker.invokeTestMethod(Invoker.java:719)
at org.testng.internal.Invoker.invokeTestMethods(Invoker.java:989)
at org.testng.internal.TestMethodWorker.invokeTestMethods(TestMethodWorker.java:125)
at org.testng.internal.TestMethodWorker.run(TestMethodWorker.java:109)
at org.testng.TestRunner.privateRun(TestRunner.java:648)
at org.testng.TestRunner.run(TestRunner.java:505)
at org.testng.SuiteRunner.runTest(SuiteRunner.java:455)
at org.testng.SuiteRunner.runSequentially(SuiteRunner.java:450)
at org.testng.SuiteRunner.privateRun(SuiteRunner.java:415)
at org.testng.SuiteRunner.run(SuiteRunner.java:364)
at org.testng.SuiteRunnerWorker.runSuite(SuiteRunnerWorker.java:52)
at org.testng.SuiteRunnerWorker.run(SuiteRunnerWorker.java:84)
at org.testng.TestNG.runSuitesSequentially(TestNG.java:1208)
at org.testng.TestNG.runSuitesLocally(TestNG.java:1137)
at org.testng.TestNG.runSuites(TestNG.java:1049)
at org.testng.TestNG.run(TestNG.java:1017)
at org.testng.remote.AbstractRemoteTestNG.run(AbstractRemoteTestNG.java:115)
at org.testng.remote.RemoteTestNG.initAndRun(RemoteTestNG.java:251)
at org.testng.remote.RemoteTestNG.main(RemoteTestNG.java:77)
]]>
    </failure>
  </testcase> <!-- GetLocalHostAfterPost -->
  <testcase name="GetLocalHostCom" time="0.111" classname="com.restassured.api.tests.GetLocalHostAPITest"/>
  <testcase name="postLocalHostComments" time="1.691" classname="com.restassured.api.tests.GetLocalHostAPITest"/>
  <testcase name="PutLocalHost" time="0.118" classname="com.restassured.api.tests.GetLocalHostAPITest"/>
  <testcase name="GetLocalHostPosts" classname="com.restassured.api.tests.GetLocalHostAPITest">
    <skipped/>
  </testcase> <!-- GetLocalHostPosts -->
  <testcase name="PostLocalHostPosts" classname="com.restassured.api.tests.GetLocalHostAPITest">
    <skipped/>
  </testcase> <!-- PostLocalHostPosts -->
  <testcase name="GetLocalHostComments" classname="com.restassured.api.tests.GetLocalHostAPITest">
    <skipped/>
  </testcase> <!-- GetLocalHostComments -->
  <testcase name="GetAfterPostLocalHost" classname="com.restassured.api.tests.GetLocalHostAPITest">
    <skipped/>
  </testcase> <!-- GetAfterPostLocalHost -->
  <testcase name="DeleteAPITest" classname="com.restassured.api.tests.GetLocalHostAPITest">
    <skipped/>
  </testcase> <!-- DeleteAPITest -->
</testsuite> <!-- com.restassured.api.tests.GetLocalHostAPITest -->
