<?xml version="1.0" encoding="UTF-8"?>
<!-- Generated by org.testng.reporters.JUnitReportReporter -->
<testsuite skipped="0" hostname="minal" name="com.restassured.api.tests.PostAPITest" tests="1" failures="0" timestamp="09 Jun 2019 07:45:02 GMT" time="7.173" errors="0">
  <testcase name="PostAPI" time="7.173" classname="com.restassured.api.tests.PostAPITest"/>
</testsuite> <!-- com.restassured.api.tests.PostAPITest -->
